d:\quake\winquake\handmadequake\handmadequake\debug\cl_input.obj
d:\quake\winquake\handmadequake\handmadequake\debug\crc.obj
d:\quake\winquake\handmadequake\handmadequake\debug\d_part.obj
d:\quake\winquake\handmadequake\handmadequake\debug\d_vars.obj
d:\quake\winquake\handmadequake\handmadequake\debug\host_cmd.obj
d:\quake\winquake\handmadequake\handmadequake\debug\net_vcr.obj
d:\quake\winquake\handmadequake\handmadequake\debug\nonintel.obj
d:\quake\winquake\handmadequake\handmadequake\debug\pr_exec.obj
d:\quake\winquake\handmadequake\handmadequake\debug\r_bsp.obj
d:\quake\winquake\handmadequake\handmadequake\debug\r_misc.obj
d:\quake\winquake\handmadequake\handmadequake\debug\screen.obj
d:\quake\winquake\handmadequake\handmadequake\debug\sv_user.obj
d:\quake\winquake\handmadequake\handmadequake\debug\world.obj
d:\quake\winquake\handmadequake\handmadequake\debug\cl_demo.obj
d:\quake\winquake\handmadequake\handmadequake\debug\common.obj
d:\quake\winquake\handmadequake\handmadequake\debug\d_scan.obj
d:\quake\winquake\handmadequake\handmadequake\debug\host.obj
d:\quake\winquake\handmadequake\handmadequake\debug\net_dgrm.obj
d:\quake\winquake\handmadequake\handmadequake\debug\r_efrag.obj
d:\quake\winquake\handmadequake\handmadequake\debug\r_sprite.obj
d:\quake\winquake\handmadequake\handmadequake\debug\snd_win.obj
d:\quake\winquake\handmadequake\handmadequake\debug\cmd.obj
d:\quake\winquake\handmadequake\handmadequake\debug\d_fill.obj
d:\quake\winquake\handmadequake\handmadequake\debug\d_modech.obj
d:\quake\winquake\handmadequake\handmadequake\debug\d_zpoint.obj
d:\quake\winquake\handmadequake\handmadequake\debug\keys.obj
d:\quake\winquake\handmadequake\handmadequake\debug\net_main.obj
d:\quake\winquake\handmadequake\handmadequake\debug\pr_cmds.obj
d:\quake\winquake\handmadequake\handmadequake\debug\r_aclip.obj
d:\quake\winquake\handmadequake\handmadequake\debug\r_draw.obj
d:\quake\winquake\handmadequake\handmadequake\debug\r_part.obj
d:\quake\winquake\handmadequake\handmadequake\debug\snd_dma.obj
d:\quake\winquake\handmadequake\handmadequake\debug\cl_parse.obj
d:\quake\winquake\handmadequake\handmadequake\debug\cvar.obj
d:\quake\winquake\handmadequake\handmadequake\debug\d_polyse.obj
d:\quake\winquake\handmadequake\handmadequake\debug\draw.obj
d:\quake\winquake\handmadequake\handmadequake\debug\model.obj
d:\quake\winquake\handmadequake\handmadequake\debug\net_win.obj
d:\quake\winquake\handmadequake\handmadequake\debug\pr_edict.obj
d:\quake\winquake\handmadequake\handmadequake\debug\r_alias.obj
d:\quake\winquake\handmadequake\handmadequake\debug\r_edge.obj
d:\quake\winquake\handmadequake\handmadequake\debug\r_sky.obj
d:\quake\winquake\handmadequake\handmadequake\debug\snd_mix.obj
d:\quake\winquake\handmadequake\handmadequake\debug\cd_win.obj
d:\quake\winquake\handmadequake\handmadequake\debug\menu.obj
d:\quake\winquake\handmadequake\handmadequake\debug\r_main.obj
d:\quake\winquake\handmadequake\handmadequake\debug\sbar.obj
d:\quake\winquake\handmadequake\handmadequake\debug\sv_phys.obj
d:\quake\winquake\handmadequake\handmadequake\debug\wad.obj
d:\quake\winquake\handmadequake\handmadequake\debug\cl_main.obj
d:\quake\winquake\handmadequake\handmadequake\debug\console.obj
d:\quake\winquake\handmadequake\handmadequake\debug\d_init.obj
d:\quake\winquake\handmadequake\handmadequake\debug\d_sprite.obj
d:\quake\winquake\handmadequake\handmadequake\debug\in_win.obj
d:\quake\winquake\handmadequake\handmadequake\debug\r_light.obj
d:\quake\winquake\handmadequake\handmadequake\debug\r_surf.obj
d:\quake\winquake\handmadequake\handmadequake\debug\sv_main.obj
d:\quake\winquake\handmadequake\handmadequake\debug\vid_win.obj
d:\quake\winquake\handmadequake\handmadequake\debug\chase.obj
d:\quake\winquake\handmadequake\handmadequake\debug\conproc.obj
d:\quake\winquake\handmadequake\handmadequake\debug\net_wins.obj
d:\quake\winquake\handmadequake\handmadequake\debug\r_vars.obj
d:\quake\winquake\handmadequake\handmadequake\debug\sv_move.obj
d:\quake\winquake\handmadequake\handmadequake\debug\view.obj
d:\quake\winquake\handmadequake\handmadequake\debug\zone.obj
d:\quake\winquake\handmadequake\handmadequake\debug\cl_tent.obj
d:\quake\winquake\handmadequake\handmadequake\debug\d_edge.obj
d:\quake\winquake\handmadequake\handmadequake\debug\d_sky.obj
d:\quake\winquake\handmadequake\handmadequake\debug\d_surf.obj
d:\quake\winquake\handmadequake\handmadequake\debug\mathlib.obj
d:\quake\winquake\handmadequake\handmadequake\debug\net_loop.obj
d:\quake\winquake\handmadequake\handmadequake\debug\net_wipx.obj
d:\quake\winquake\handmadequake\handmadequake\debug\snd_mem.obj
d:\quake\winquake\handmadequake\handmadequake\debug\sys_win.obj
d:\quake\winquake\handmadequake\handmadequake\debug\vc140.pdb
d:\quake\winquake\handmadequake\handmadequake\debug\winquake.res
d:\quake\winquake\handmadequake\handmadequake\debug\vc140.idb
d:\quake\winquake\handmadequake\handmadequake\debug\handmadequake.pdb
d:\quake\winquake\handmadequake\handmadequake\debug\handmadequake.tlog\cl.command.1.tlog
d:\quake\winquake\handmadequake\handmadequake\debug\handmadequake.tlog\cl.read.1.tlog
d:\quake\winquake\handmadequake\handmadequake\debug\handmadequake.tlog\cl.write.1.tlog
d:\quake\winquake\handmadequake\handmadequake\debug\handmadequake.tlog\link-cvtres.read.1.tlog
d:\quake\winquake\handmadequake\handmadequake\debug\handmadequake.tlog\link-cvtres.write.1.tlog
d:\quake\winquake\handmadequake\handmadequake\debug\handmadequake.tlog\link-rc.read.1.tlog
d:\quake\winquake\handmadequake\handmadequake\debug\handmadequake.tlog\link-rc.write.1.tlog
d:\quake\winquake\handmadequake\handmadequake\debug\handmadequake.tlog\link.command.1.tlog
d:\quake\winquake\handmadequake\handmadequake\debug\handmadequake.tlog\link.read.1.tlog
d:\quake\winquake\handmadequake\handmadequake\debug\handmadequake.tlog\link.write.1.tlog
d:\quake\winquake\handmadequake\handmadequake\debug\handmadequake.tlog\rc.command.1.tlog
d:\quake\winquake\handmadequake\handmadequake\debug\handmadequake.tlog\rc.read.1.tlog
d:\quake\winquake\handmadequake\handmadequake\debug\handmadequake.tlog\rc.write.1.tlog
